This file contains any messages produced by compilers while
running configure, to aid debugging if configure makes a mistake.

It was created by Apertium Ewondo configure 0.1.0, which was
generated by GNU Autoconf 2.69.  Invocation command line was

  $ ./configure 

## --------- ##
## Platform. ##
## --------- ##

hostname = DESKTOP-L5D1CNJ
uname -m = x86_64
uname -r = 4.4.0-19041-Microsoft
uname -s = Linux
uname -v = #1237-Microsoft Sat Sep 11 14:32:00 PST 2021

/usr/bin/uname -p = x86_64
/bin/uname -X     = unknown

/bin/arch              = x86_64
/usr/bin/arch -k       = unknown
/usr/convex/getsysinfo = unknown
/usr/bin/hostinfo      = unknown
/bin/machine           = unknown
/usr/bin/oslevel       = unknown
/bin/universe          = unknown

PATH: /usr/local/sbin
PATH: /usr/local/bin
PATH: /usr/sbin
PATH: /usr/bin
PATH: /sbin
PATH: /bin
PATH: /usr/games
PATH: /usr/local/games
PATH: /mnt/c/Program Files/WindowsApps/CanonicalGroupLimited.Ubuntu_2004.4.4.0_x64__79rhkp1fndgsc
PATH: /mnt/c/WINDOWS/system32
PATH: /mnt/c/WINDOWS
PATH: /mnt/c/WINDOWS/System32/Wbem
PATH: /mnt/c/WINDOWS/System32/WindowsPowerShell/v1.0/
PATH: /mnt/c/WINDOWS/System32/OpenSSH/
PATH: /mnt/c/Users/USER/AppData/Local/Microsoft/WindowsApps
PATH: /mnt/c/Users/USER/AppData/Local/Programs/Microsoft VS Code/bin
PATH: /snap/bin
PATH: /usr/local/bin


## ----------- ##
## Core tests. ##
## ----------- ##

configure:1809: checking for a BSD-compatible install
configure:1877: result: /usr/bin/install -c
configure:1888: checking whether build environment is sane
configure:1943: result: yes
configure:2092: checking for a thread-safe mkdir -p
configure:2131: result: /usr/bin/mkdir -p
configure:2138: checking for gawk
configure:2154: found /usr/bin/gawk
configure:2165: result: gawk
configure:2176: checking whether make sets $(MAKE)
configure:2198: result: yes
configure:2227: checking whether make supports nested variables
configure:2244: result: yes
configure:2374: checking for gawk
configure:2401: result: gawk
configure:2475: checking for pkg-config
configure:2493: found /usr/bin/pkg-config
configure:2505: result: /usr/bin/pkg-config
configure:2530: checking pkg-config is at least version 0.9.0
configure:2533: result: yes
configure:2650: checking for APERTIUM
configure:2657: $PKG_CONFIG --exists --print-errors "apertium >= 3.6.1"
configure:2660: $? = 0
configure:2674: $PKG_CONFIG --exists --print-errors "apertium >= 3.6.1"
configure:2677: $? = 0
configure:2735: result: yes
configure:2741: checking for HFST
configure:2748: $PKG_CONFIG --exists --print-errors "hfst >= 3.15.1"
configure:2751: $? = 0
configure:2765: $PKG_CONFIG --exists --print-errors "hfst >= 3.15.1"
configure:2768: $? = 0
configure:2826: result: yes
configure:2832: checking for CG3
configure:2839: $PKG_CONFIG --exists --print-errors "cg3 >= 1.3.1"
configure:2842: $? = 0
configure:2856: $PKG_CONFIG --exists --print-errors "cg3 >= 1.3.1"
configure:2859: $? = 0
configure:2917: result: yes
configure:3154: checking that generated files are newer than configure
configure:3160: result: done
configure:3172: creating ./config.status

## ---------------------- ##
## Running config.status. ##
## ---------------------- ##

This file was extended by Apertium Ewondo config.status 0.1.0, which was
generated by GNU Autoconf 2.69.  Invocation command line was

  CONFIG_FILES    = 
  CONFIG_HEADERS  = 
  CONFIG_LINKS    = 
  CONFIG_COMMANDS = 
  $ ./config.status 

on DESKTOP-L5D1CNJ

config.status:780: creating Makefile
config.status:780: creating apertium-ewo.pc

## ---------------- ##
## Cache variables. ##
## ---------------- ##

ac_cv_env_APERTIUM_CFLAGS_set=
ac_cv_env_APERTIUM_CFLAGS_value=
ac_cv_env_APERTIUM_LIBS_set=
ac_cv_env_APERTIUM_LIBS_value=
ac_cv_env_CG3_CFLAGS_set=
ac_cv_env_CG3_CFLAGS_value=
ac_cv_env_CG3_LIBS_set=
ac_cv_env_CG3_LIBS_value=
ac_cv_env_HFSTOSPELL_CFLAGS_set=
ac_cv_env_HFSTOSPELL_CFLAGS_value=
ac_cv_env_HFSTOSPELL_LIBS_set=
ac_cv_env_HFSTOSPELL_LIBS_value=
ac_cv_env_HFST_CFLAGS_set=
ac_cv_env_HFST_CFLAGS_value=
ac_cv_env_HFST_LIBS_set=
ac_cv_env_HFST_LIBS_value=
ac_cv_env_PKG_CONFIG_LIBDIR_set=
ac_cv_env_PKG_CONFIG_LIBDIR_value=
ac_cv_env_PKG_CONFIG_PATH_set=set
ac_cv_env_PKG_CONFIG_PATH_value=:/usr/local/share/pkgconfig:/usr/local/lib/pkgconfig
ac_cv_env_PKG_CONFIG_set=
ac_cv_env_PKG_CONFIG_value=
ac_cv_env_build_alias_set=
ac_cv_env_build_alias_value=
ac_cv_env_host_alias_set=
ac_cv_env_host_alias_value=
ac_cv_env_target_alias_set=
ac_cv_env_target_alias_value=
ac_cv_path_ac_pt_PKG_CONFIG=/usr/bin/pkg-config
ac_cv_path_install='/usr/bin/install -c'
ac_cv_path_mkdir=/usr/bin/mkdir
ac_cv_prog_AWK=gawk
ac_cv_prog_make_make_set=yes
am_cv_make_support_nested_variables=yes
pkg_cv_APERTIUM_CFLAGS='-I/usr/include/apertium-3.8 -I/usr/lib/x86_64-linux-gnu/apertium-3.8/include'
pkg_cv_APERTIUM_LIBS=-lapertium3
pkg_cv_CG3_CFLAGS=-I/usr/include/
pkg_cv_CG3_LIBS=-lcg3
pkg_cv_HFST_CFLAGS=-I/usr/include/hfst/
pkg_cv_HFST_LIBS=-lhfst

## ----------------- ##
## Output variables. ##
## ----------------- ##

ACLOCAL='${SHELL} /home/ngotjomb/apertium_ewo_fra/apertium-ewo/missing aclocal-1.16'
AMTAR='$${TAR-tar}'
AM_BACKSLASH='\'
AM_DEFAULT_V='$(AM_DEFAULT_VERBOSITY)'
AM_DEFAULT_VERBOSITY='1'
AM_V='$(V)'
APERTIUM_CFLAGS='-I/usr/include/apertium-3.8 -I/usr/lib/x86_64-linux-gnu/apertium-3.8/include'
APERTIUM_LIBS='-lapertium3'
AUTOCONF='${SHELL} /home/ngotjomb/apertium_ewo_fra/apertium-ewo/missing autoconf'
AUTOHEADER='${SHELL} /home/ngotjomb/apertium_ewo_fra/apertium-ewo/missing autoheader'
AUTOMAKE='${SHELL} /home/ngotjomb/apertium_ewo_fra/apertium-ewo/missing automake-1.16'
AWK='gawk'
CG3_CFLAGS='-I/usr/include/'
CG3_LIBS='-lcg3'
CYGPATH_W='echo'
DEFS='-DPACKAGE_NAME=\"Apertium\ Ewondo\" -DPACKAGE_TARNAME=\"apertium-ewo\" -DPACKAGE_VERSION=\"0.1.0\" -DPACKAGE_STRING=\"Apertium\ Ewondo\ 0.1.0\" -DPACKAGE_BUGREPORT=\"ngueum@gmail.com\" -DPACKAGE_URL=\"http://wiki.apertium.org/wiki/Apertium-ewo\" -DPACKAGE=\"apertium-ewo\" -DVERSION=\"0.1.0\"'
ECHO_C=''
ECHO_N='-n'
ECHO_T=''
HAVE_HFSTOSPELL_FALSE=''
HAVE_HFSTOSPELL_TRUE='#'
HFSTOSPELL_CFLAGS=''
HFSTOSPELL_LIBS=''
HFST_CFLAGS='-I/usr/include/hfst/'
HFST_LIBS='-lhfst'
INSTALL_DATA='${INSTALL} -m 644'
INSTALL_PROGRAM='${INSTALL}'
INSTALL_SCRIPT='${INSTALL}'
INSTALL_STRIP_PROGRAM='$(install_sh) -c -s'
LIBOBJS=''
LIBS=''
LTLIBOBJS=''
MAKEINFO='${SHELL} /home/ngotjomb/apertium_ewo_fra/apertium-ewo/missing makeinfo'
MKDIR_P='/usr/bin/mkdir -p'
PACKAGE='apertium-ewo'
PACKAGE_BUGREPORT='ngueum@gmail.com'
PACKAGE_NAME='Apertium Ewondo'
PACKAGE_STRING='Apertium Ewondo 0.1.0'
PACKAGE_TARNAME='apertium-ewo'
PACKAGE_URL='http://wiki.apertium.org/wiki/Apertium-ewo'
PACKAGE_VERSION='0.1.0'
PATH_SEPARATOR=':'
PKG_CONFIG='/usr/bin/pkg-config'
PKG_CONFIG_LIBDIR=''
PKG_CONFIG_PATH=':/usr/local/share/pkgconfig:/usr/local/lib/pkgconfig'
SET_MAKE=''
SHELL='/bin/bash'
STRIP=''
VERSION='0.1.0'
am__isrc=''
am__leading_dot='.'
am__tar='$${TAR-tar} chof - "$$tardir"'
am__untar='$${TAR-tar} xf -'
bindir='${exec_prefix}/bin'
build_alias=''
datadir='${datarootdir}'
datarootdir='${prefix}/share'
docdir='${datarootdir}/doc/${PACKAGE_TARNAME}'
dvidir='${docdir}'
exec_prefix='${prefix}'
host_alias=''
htmldir='${docdir}'
includedir='${prefix}/include'
infodir='${datarootdir}/info'
install_sh='${SHELL} /home/ngotjomb/apertium_ewo_fra/apertium-ewo/install-sh'
libdir='${exec_prefix}/lib'
libexecdir='${exec_prefix}/libexec'
localedir='${datarootdir}/locale'
localstatedir='${prefix}/var'
mandir='${datarootdir}/man'
mkdir_p='$(MKDIR_P)'
oldincludedir='/usr/include'
pdfdir='${docdir}'
prefix='/usr/local'
program_transform_name='s,x,x,'
psdir='${docdir}'
runstatedir='${localstatedir}/run'
sbindir='${exec_prefix}/sbin'
sharedstatedir='${prefix}/com'
sysconfdir='${prefix}/etc'
target_alias=''

## ------------------- ##
## File substitutions. ##
## ------------------- ##

ap_include='./ap_include.am'

## ----------- ##
## confdefs.h. ##
## ----------- ##

/* confdefs.h */
#define PACKAGE_NAME "Apertium Ewondo"
#define PACKAGE_TARNAME "apertium-ewo"
#define PACKAGE_VERSION "0.1.0"
#define PACKAGE_STRING "Apertium Ewondo 0.1.0"
#define PACKAGE_BUGREPORT "ngueum@gmail.com"
#define PACKAGE_URL "http://wiki.apertium.org/wiki/Apertium-ewo"
#define PACKAGE "apertium-ewo"
#define VERSION "0.1.0"

configure: exit 0
